<?xml version="1.0" encoding="UTF-8"?>
<testsuite name="SignTest"
           tests="1"
           failures="1"
           errors="0"
           skipped="0"
           time="3.771">
  <properties />
            <testcase name="jieshun" time="3.771" classname="cloud.sign.newsign.JieShun">
                <failure type="java.lang.Throwable"
                  message="(null)"
              >
<![CDATA[java.lang.Throwable
  message : 捷顺验签状态：0 expected [true] but found [false] in method : .jieshun(JieShun:40)
  cloud.sign.newsign.JieShun.jieshun(JieShun.java:40)
]]>
      </failure>

          </testcase>
  
  
  
</testsuite>
