<?xml version="1.0" encoding="UTF-8"?>
<testsuite name="SignTest"
           tests="6"
           failures="1"
           errors="0"
           skipped="0"
           time="83.993">
  <properties />
            <testcase name="sigyesterday" time="10.091" classname="cloud.sign.newsign.JieShun">
                <failure type="java.sql.SQLSyntaxErrorException"
                  message="Unknown column &apos;classname&apos; in &apos;where clause&apos;"
              >
<![CDATA[java.sql.SQLSyntaxErrorException: Unknown column 'classname' in 'where clause'
  com.mysql.cj.jdbc.exceptions.SQLError.createSQLException(SQLError.java:120)
  com.mysql.cj.jdbc.exceptions.SQLError.createSQLException(SQLError.java:97)
  com.mysql.cj.jdbc.exceptions.SQLExceptionsMapping.translateException(SQLExceptionsMapping.java:122)
  com.mysql.cj.jdbc.StatementImpl.executeQuery(StatementImpl.java:1200)
  org.zt.common.MysqlJdbc.postdata(MysqlJdbc.java:62)
  cloud.sign.newsign.JieShun.sigyesterday(JieShun.java:66)
  sun.reflect.NativeMethodAccessorImpl.invoke0(Native Method)
  sun.reflect.NativeMethodAccessorImpl.invoke(NativeMethodAccessorImpl.java:62)
  sun.reflect.DelegatingMethodAccessorImpl.invoke(DelegatingMethodAccessorImpl.java:43)
  java.lang.reflect.Method.invoke(Method.java:498)
  org.testng.internal.MethodInvocationHelper.invokeMethod(MethodInvocationHelper.java:124)
  org.testng.internal.MethodInvocationHelper$1.runTestMethod(MethodInvocationHelper.java:230)
  org.springframework.test.context.testng.AbstractTestNGSpringContextTests.run(AbstractTestNGSpringContextTests.java:180)
  org.testng.internal.MethodInvocationHelper.invokeHookable(MethodInvocationHelper.java:242)
  org.testng.internal.Invoker.invokeMethod(Invoker.java:579)
  org.testng.internal.Invoker.invokeTestMethod(Invoker.java:719)
  org.testng.internal.Invoker.invokeTestMethods(Invoker.java:989)
  org.testng.internal.TestMethodWorker.invokeTestMethods(TestMethodWorker.java:125)
  org.testng.internal.TestMethodWorker.run(TestMethodWorker.java:109)
  java.util.concurrent.ThreadPoolExecutor.runWorker(ThreadPoolExecutor.java:1149)
  java.util.concurrent.ThreadPoolExecutor$Worker.run(ThreadPoolExecutor.java:624)
  java.lang.Thread.run(Thread.java:748)
]]>
      </failure>

          </testcase>
  
  
            <testcase name="jsclose" time="34.814" classname="cloud.sign.newsign.JieShun" />
                <testcase name="jssigerror" time="13.508" classname="cloud.sign.newsign.JieShun" />
                <testcase name="redisscusig" time="1.318" classname="cloud.sign.newsign.JieShun" />
                <testcase name="jieshun" time="24.257" classname="cloud.sign.newsign.JieShun" />
                <testcase name="redisfail" time="0.005" classname="cloud.sign.newsign.JieShun" />
      
</testsuite>
