<?xml version="1.0" encoding="UTF-8"?>
<testsuite name="QueryOrderTest"
           tests="1"
           failures="1"
           errors="0"
           skipped="0"
           time="3.301">
  <properties />
            <testcase name="orderfc" time="3.301" classname="cloud.order.query.OrderFc">
                <failure type="java.lang.Throwable"
                  message="(null)"
              >
<![CDATA[java.lang.Throwable
  message : 查询失败{"serviceId":"ac.order.queryusablepaytype","seqId":"","resultCode":0,"message":"成功","dataItems":[{"objectId":"PAYTYPE","operateType":"READ","subItems":[],"failItems":[],"attributes":{"id":"07f6b6046f5f433ca3806accf10ab70a","appId":"","payType":"CCB_SZ","appType":null}},{"objectId":"PAYTYPE","operateType":"READ","subItems":[],"failItems":[],"attributes":{"id":"0c66fafc49b84b05a23521ce50a23c32","appId":"","payType":"CUP_UMS_PUB","appType":null}},{"objectId":"PAYTYPE","operateType":"READ","subItems":[],"failItems":[],"attributes":{"id":"1223b6388fda4c869fabaea06bc86470","appId":"2015122801048487","payType":"ZFB","appType":null}},{"objectId":"PAYTYPE","operateType":"READ","subItems":[],"failItems":[],"attributes":{"id":"12345698e9ad431f83a4d5f6fb422222","appId":"1645285811190497300","payType":"JSJK_ABC","appType":"APP_JSCARLIFE"}},{"objectId":"PAYTYPE","operateType":"READ","subItems":[],"failItems":[],"attributes":{"id":"14df470797874485bb27a48db0d03423","appId":null,"payType":"JSTC2","appType":null}},{"objectId":"PAYTYPE","operateType":"READ","subItems":[],"failItems":[],"attributes":{"id":"1e3253226c28441d8ea83d297cb8d0c7","appId":"","payType":"MK","appType":null}},{"objectId":"PAYTYPE","operateType":"READ","subItems":[],"failItems":[],"attributes":{"id":"370535929937472d8bcd2801d998193b","appId":"2014060900006373","payType":"ZFB","appType":null}},{"objectId":"PAYTYPE","operateType":"READ","subItems":[],"failItems":[],"attributes":{"id":"3ae9060e3f8941b58f457e7873db72f5","appId":"isx4g8mw","payType":"CMB_ISV","appType":null}},{"objectId":"PAYTYPE","operateType":"READ","subItems":[],"failItems":[],"attributes":{"id":"43e821a264ec42449a273cc67ea7f8f8","appId":"wx88e6a3be6858834f","payType":"WX","appType":"APP_JSCARLIFE"}},{"objectId":"PAYTYPE","operateType":"READ","subItems":[],"failItems":[],"attributes":{"id":"49cc24bac77c480b97b74f624445f2a9","appId":"1645285811190497300","payType":"JSJK_CUP","appType":null}},{"objectId":"PAYTYPE","operateType":"READ","subItems":[],"failItems":[],"attributes":{"id":"4bbbced01d364181bf5be8d86dacc129","appId":"2015122801048487","payType":"BM_ISV","appType":null}},{"objectId":"PAYTYPE","operateType":"READ","subItems":[],"failItems":[],"attributes":{"id":"5137431254f94e8aa22dc1eff3afff11","appId":"wx604f61d217d8e0b0","payType":"WX_ISV","appType":null}},{"objectId":"PAYTYPE","operateType":"READ","subItems":[],"failItems":[],"attributes":{"id":"5fd18bc8913d485bbda42d3d3179470f","appId":"10000000000000700000","payType":"ICBC_QRCODE","appType":null}},{"objectId":"PAYTYPE","operateType":"READ","subItems":[],"failItems":[],"attributes":{"id":"67126f49ce3f4599b3487ef0c37c88b9","appId":"1645285811190497300","payType":"CMB","appType":null}},{"objectId":"PAYTYPE","operateType":"READ","subItems":[],"failItems":[],"attributes":{"id":"6c693a8188cf419bb8ba2453050dd141","appId":"","payType":"ICBC_HUBEI","appType":null}},{"objectId":"PAYTYPE","operateType":"READ","subItems":[],"failItems":[],"attributes":{"id":"7a8fb31d7ece46eb8a39b2880ae8e5e6","appId":"","payType":"HZ_CITY_BRAIN","appType":null}},{"objectId":"PAYTYPE","operateType":"READ","subItems":[],"failItems":[],"attributes":{"id":"7db7aaa8f90040228fa8e54d87923684","appId":"PN00005600000023","payType":"CUP_ISV_SZ","appType":null}},{"objectId":"PAYTYPE","operateType":"READ","subItems":[],"failItems":[],"attributes":{"id":"8479d8a1c7d8448ea14a1e87ed407559","appId":"TCC01","payType":"TFT","appType":null}},{"objectId":"PAYTYPE","operateType":"READ","subItems":[],"failItems":[],"attributes":{"id":"851a1463b87c42e49b911f10ef9f75a4","appId":null,"payType":"PDJC_ISV","appType":"APP_JSCARLIFE"}},{"objectId":"PAYTYPE","operateType":"READ","subItems":[],"failItems":[],"attributes":{"id":"8b8c231c2a4f447ea66a715b8cf39d3a","appId":"","payType":"ZFB_ISV","appType":null}},{"objectId":"PAYTYPE","operateType":"READ","subItems":[],"failItems":[],"attributes":{"id":"8bd12f367c8a4b14898b154be73fe044","appId":"","payType":"YFB","appType":null}},{"objectId":"PAYTYPE","operateType":"READ","subItems":[],"failItems":[],"attributes":{"id":"8fda0f90114a4348b63c75b3f60c29ad","appId":"10000000000000700000","payType":"ICBC_AGGREGATE","appType":null}},{"objectId":"PAYTYPE","operateType":"READ","subItems":[],"failItems":[],"attributes":{"id":"915ba3407ec94ac6ba104ac0e717d35e","appId":"","payType":"TE_JIAN_FA","appType":null}},{"objectId":"PAYTYPE","operateType":"READ","subItems":[],"failItems":[],"attributes":{"id":"9528433463334d6498dc382f03d91bad","appId":"","payType":"CUP_ISV_UPARK","appType":null}},{"objectId":"PAYTYPE","operateType":"READ","subItems":[],"failItems":[],"attributes":{"id":"9ec07b7cd77348618a279062345b8cbd","appId":"PN00005600000023","payType":"CUP_ISV_SZ","appType":null}},{"objectId":"PAYTYPE","operateType":"READ","subItems":[],"failItems":[],"attributes":{"id":"a2395ed071594cf8a56fcb760b414a4f","appId":"","payType":"CCB_ISV_CHANGSHA","appType":null}},{"objectId":"PAYTYPE","operateType":"READ","subItems":[],"failItems":[],"attributes":{"id":"b2c016d7b4964236b4cc3e82fc994593","appId":"10000000000000700000","payType":"ICBC_RYF_CHENGDU","appType":null}},{"objectId":"PAYTYPE","operateType":"READ","subItems":[],"failItems":[],"attributes":{"id":"b368b020968c4cfb9b7930d4b7c5d62f","appId":"","payType":"PDJC_ISV","appType":null}},{"objectId":"PAYTYPE","operateType":"READ","subItems":[],"failItems":[],"attributes":{"id":"b45695ee85b7487d9b6c63c750c41afb","appId":"10000000000000571001","payType":"ICBC_CDU_ZJGC","appType":null}},{"objectId":"PAYTYPE","operateType":"READ","subItems":[],"failItems":[],"attributes":{"id":"c40ea083c4b64e93b63226c4b51094a7","appId":"1645285811190497300","payType":"JSJK_ZL","appType":null}},{"objectId":"PAYTYPE","operateType":"READ","subItems":[],"failItems":[],"attributes":{"id":"c57072bcd1814278ac5b9d039ca8d77a","appId":"0000000000000004","payType":"ZCB","appType":null}},{"objectId":"PAYTYPE","operateType":"READ","subItems":[],"failItems":[],"attributes":{"id":"cdeb1b6bdbe94208bad0f4460fb13be6","appId":"10000000000000700000","payType":"ICBC_CHENGDU","appType":null}},{"objectId":"PAYTYPE","operateType":"READ","subItems":[],"failItems":[],"attributes":{"id":"d2963c04389b494887381602b029c0cb","appId":"2014060900006373","payType":"ZFB","appType":null}},{"objectId":"PAYTYPE","operateType":"READ","subItems":[],"failItems":[],"attributes":{"id":"d395eb77f6204b4a9364b700011c5df1","appId":"","payType":"CUP_UMS_POS","appType":null}},{"objectId":"PAYTYPE","operateType":"READ","subItems":[],"failItems":[],"attributes":{"id":"da14cc0e51a444b0ae8040fe1f06bc34","appId":"","payType":"ABC_ISV","appType":null}},{"objectId":"PAYTYPE","operateType":"READ","subItems":[],"failItems":[],"attributes":{"id":"e62db124e745453ebbbc55ae41ab1633","appId":"1645285811190497300","payType":"JSJK","appType":"APP_JSCARLIFE"}},{"objectId":"PAYTYPE","operateType":"READ","subItems":[],"failItems":[],"attributes":{"id":"f793144be6c34c9c8b87eadfb5a4aa24","appId":"1450017017","payType":"YJY_ISV","appType":null}}],"attributes":null} expected [true] but found [false] in method : .orderfc(OrderFc:33)
  cloud.order.query.OrderFc.orderfc(OrderFc.java:33)
]]>
      </failure>

          </testcase>
  
  
  
</testsuite>
